[0.683s] DEBUG:colcon:Command line arguments: ['/usr/bin/colcon', 'list', '-p', '--base-paths', '/home/aaron/Desktop/TMR_ws/src/tmr_ros2']
[0.683s] DEBUG:colcon:Parsed command line arguments: Namespace(log_base=None, log_level=None, verb_name='list', build_base='build', ignore_user_meta=False, metas=['./colcon.meta'], base_paths=['/home/aaron/Desktop/TMR_ws/src/tmr_ros2'], packages_ignore=None, packages_ignore_regex=None, paths=None, packages_up_to=None, packages_up_to_regex=None, packages_above=None, packages_above_and_dependencies=None, packages_above_depth=None, packages_select_by_dep=None, packages_skip_by_dep=None, packages_skip_up_to=None, packages_select_build_failed=False, packages_skip_build_finished=False, packages_select_test_failures=False, packages_skip_test_passed=False, packages_select=None, packages_skip=None, packages_select_regex=None, packages_skip_regex=None, packages_start=None, packages_end=None, allow_overriding=[], topological_order=False, names_only=False, paths_only=True, topological_graph=False, topological_graph_dot=False, topological_graph_density=False, topological_graph_legend=False, topological_graph_dot_cluster=False, topological_graph_dot_include_skipped=False, mixin_files=None, mixin=None, verb_parser=<colcon_mixin.mixin.mixin_argument.MixinArgumentDecorator object at 0x7f08a768b970>, verb_extension=<colcon_package_information.verb.list.ListVerb object at 0x7f08a7689d20>, main=<bound method ListVerb.main of <colcon_package_information.verb.list.ListVerb object at 0x7f08a7689d20>>, mixin_verb=('list',))
[0.724s] Level 1:colcon.colcon_core.package_discovery:discover_packages(colcon_meta) check parameters
[0.724s] Level 1:colcon.colcon_core.package_discovery:discover_packages(recursive) check parameters
[0.724s] Level 1:colcon.colcon_core.package_discovery:discover_packages(ignore) check parameters
[0.724s] Level 1:colcon.colcon_core.package_discovery:discover_packages(path) check parameters
[0.724s] Level 1:colcon.colcon_core.package_discovery:discover_packages(recursive) discover
[0.725s] INFO:colcon.colcon_core.package_discovery:Crawling recursively for packages in '/home/aaron/Desktop/TMR_ws/src/tmr_ros2'
[0.725s] Level 1:colcon.colcon_core.package_identification:_identify(/home/aaron/Desktop/TMR_ws/src/tmr_ros2) by extensions ['ignore', 'ignore_ament_install']
[0.725s] Level 1:colcon.colcon_core.package_identification:_identify(/home/aaron/Desktop/TMR_ws/src/tmr_ros2) by extension 'ignore'
[0.725s] Level 1:colcon.colcon_core.package_identification:_identify(/home/aaron/Desktop/TMR_ws/src/tmr_ros2) by extension 'ignore_ament_install'
[0.725s] Level 1:colcon.colcon_core.package_identification:_identify(/home/aaron/Desktop/TMR_ws/src/tmr_ros2) by extensions ['colcon_pkg']
[0.725s] Level 1:colcon.colcon_core.package_identification:_identify(/home/aaron/Desktop/TMR_ws/src/tmr_ros2) by extension 'colcon_pkg'
[0.725s] Level 1:colcon.colcon_core.package_identification:_identify(/home/aaron/Desktop/TMR_ws/src/tmr_ros2) by extensions ['colcon_meta']
[0.725s] Level 1:colcon.colcon_core.package_identification:_identify(/home/aaron/Desktop/TMR_ws/src/tmr_ros2) by extension 'colcon_meta'
[0.725s] Level 1:colcon.colcon_core.package_identification:_identify(/home/aaron/Desktop/TMR_ws/src/tmr_ros2) by extensions ['ros']
[0.725s] Level 1:colcon.colcon_core.package_identification:_identify(/home/aaron/Desktop/TMR_ws/src/tmr_ros2) by extension 'ros'
[0.732s] Level 1:colcon.colcon_core.package_identification:_identify(/home/aaron/Desktop/TMR_ws/src/tmr_ros2) by extensions ['cmake', 'python']
[0.732s] Level 1:colcon.colcon_core.package_identification:_identify(/home/aaron/Desktop/TMR_ws/src/tmr_ros2) by extension 'cmake'
[0.732s] Level 1:colcon.colcon_core.package_identification:_identify(/home/aaron/Desktop/TMR_ws/src/tmr_ros2) by extension 'python'
[0.732s] Level 1:colcon.colcon_core.package_identification:_identify(/home/aaron/Desktop/TMR_ws/src/tmr_ros2) by extensions ['python_setup_py']
[0.732s] Level 1:colcon.colcon_core.package_identification:_identify(/home/aaron/Desktop/TMR_ws/src/tmr_ros2) by extension 'python_setup_py'
[0.732s] Level 1:colcon.colcon_core.package_identification:_identify(/home/aaron/Desktop/TMR_ws/src/tmr_ros2/custom_package) by extensions ['ignore', 'ignore_ament_install']
[0.732s] Level 1:colcon.colcon_core.package_identification:_identify(/home/aaron/Desktop/TMR_ws/src/tmr_ros2/custom_package) by extension 'ignore'
[0.732s] Level 1:colcon.colcon_core.package_identification:_identify(/home/aaron/Desktop/TMR_ws/src/tmr_ros2/custom_package) by extension 'ignore_ament_install'
[0.732s] Level 1:colcon.colcon_core.package_identification:_identify(/home/aaron/Desktop/TMR_ws/src/tmr_ros2/custom_package) by extensions ['colcon_pkg']
[0.732s] Level 1:colcon.colcon_core.package_identification:_identify(/home/aaron/Desktop/TMR_ws/src/tmr_ros2/custom_package) by extension 'colcon_pkg'
[0.733s] Level 1:colcon.colcon_core.package_identification:_identify(/home/aaron/Desktop/TMR_ws/src/tmr_ros2/custom_package) by extensions ['colcon_meta']
[0.733s] Level 1:colcon.colcon_core.package_identification:_identify(/home/aaron/Desktop/TMR_ws/src/tmr_ros2/custom_package) by extension 'colcon_meta'
[0.733s] Level 1:colcon.colcon_core.package_identification:_identify(/home/aaron/Desktop/TMR_ws/src/tmr_ros2/custom_package) by extensions ['ros']
[0.733s] Level 1:colcon.colcon_core.package_identification:_identify(/home/aaron/Desktop/TMR_ws/src/tmr_ros2/custom_package) by extension 'ros'
[0.735s] DEBUG:colcon.colcon_core.package_identification:Package '/home/aaron/Desktop/TMR_ws/src/tmr_ros2/custom_package' with type 'ros.ament_cmake' and name 'custom_package'
[0.735s] Level 1:colcon.colcon_core.package_identification:_identify(/home/aaron/Desktop/TMR_ws/src/tmr_ros2/demo) by extensions ['ignore', 'ignore_ament_install']
[0.735s] Level 1:colcon.colcon_core.package_identification:_identify(/home/aaron/Desktop/TMR_ws/src/tmr_ros2/demo) by extension 'ignore'
[0.735s] Level 1:colcon.colcon_core.package_identification:_identify(/home/aaron/Desktop/TMR_ws/src/tmr_ros2/demo) by extension 'ignore_ament_install'
[0.735s] Level 1:colcon.colcon_core.package_identification:_identify(/home/aaron/Desktop/TMR_ws/src/tmr_ros2/demo) by extensions ['colcon_pkg']
[0.735s] Level 1:colcon.colcon_core.package_identification:_identify(/home/aaron/Desktop/TMR_ws/src/tmr_ros2/demo) by extension 'colcon_pkg'
[0.735s] Level 1:colcon.colcon_core.package_identification:_identify(/home/aaron/Desktop/TMR_ws/src/tmr_ros2/demo) by extensions ['colcon_meta']
[0.735s] Level 1:colcon.colcon_core.package_identification:_identify(/home/aaron/Desktop/TMR_ws/src/tmr_ros2/demo) by extension 'colcon_meta'
[0.735s] Level 1:colcon.colcon_core.package_identification:_identify(/home/aaron/Desktop/TMR_ws/src/tmr_ros2/demo) by extensions ['ros']
[0.735s] Level 1:colcon.colcon_core.package_identification:_identify(/home/aaron/Desktop/TMR_ws/src/tmr_ros2/demo) by extension 'ros'
[0.736s] DEBUG:colcon.colcon_core.package_identification:Package '/home/aaron/Desktop/TMR_ws/src/tmr_ros2/demo' with type 'ros.ament_cmake' and name 'demo'
[0.736s] Level 1:colcon.colcon_core.package_identification:_identify(/home/aaron/Desktop/TMR_ws/src/tmr_ros2/figures) by extensions ['ignore', 'ignore_ament_install']
[0.736s] Level 1:colcon.colcon_core.package_identification:_identify(/home/aaron/Desktop/TMR_ws/src/tmr_ros2/figures) by extension 'ignore'
[0.736s] Level 1:colcon.colcon_core.package_identification:_identify(/home/aaron/Desktop/TMR_ws/src/tmr_ros2/figures) by extension 'ignore_ament_install'
[0.736s] Level 1:colcon.colcon_core.package_identification:_identify(/home/aaron/Desktop/TMR_ws/src/tmr_ros2/figures) by extensions ['colcon_pkg']
[0.736s] Level 1:colcon.colcon_core.package_identification:_identify(/home/aaron/Desktop/TMR_ws/src/tmr_ros2/figures) by extension 'colcon_pkg'
[0.736s] Level 1:colcon.colcon_core.package_identification:_identify(/home/aaron/Desktop/TMR_ws/src/tmr_ros2/figures) by extensions ['colcon_meta']
[0.736s] Level 1:colcon.colcon_core.package_identification:_identify(/home/aaron/Desktop/TMR_ws/src/tmr_ros2/figures) by extension 'colcon_meta'
[0.736s] Level 1:colcon.colcon_core.package_identification:_identify(/home/aaron/Desktop/TMR_ws/src/tmr_ros2/figures) by extensions ['ros']
[0.736s] Level 1:colcon.colcon_core.package_identification:_identify(/home/aaron/Desktop/TMR_ws/src/tmr_ros2/figures) by extension 'ros'
[0.736s] Level 1:colcon.colcon_core.package_identification:_identify(/home/aaron/Desktop/TMR_ws/src/tmr_ros2/figures) by extensions ['cmake', 'python']
[0.736s] Level 1:colcon.colcon_core.package_identification:_identify(/home/aaron/Desktop/TMR_ws/src/tmr_ros2/figures) by extension 'cmake'
[0.736s] Level 1:colcon.colcon_core.package_identification:_identify(/home/aaron/Desktop/TMR_ws/src/tmr_ros2/figures) by extension 'python'
[0.737s] Level 1:colcon.colcon_core.package_identification:_identify(/home/aaron/Desktop/TMR_ws/src/tmr_ros2/figures) by extensions ['python_setup_py']
[0.737s] Level 1:colcon.colcon_core.package_identification:_identify(/home/aaron/Desktop/TMR_ws/src/tmr_ros2/figures) by extension 'python_setup_py'
[0.737s] Level 1:colcon.colcon_core.package_identification:_identify(/home/aaron/Desktop/TMR_ws/src/tmr_ros2/log) by extensions ['ignore', 'ignore_ament_install']
[0.737s] Level 1:colcon.colcon_core.package_identification:_identify(/home/aaron/Desktop/TMR_ws/src/tmr_ros2/log) by extension 'ignore'
[0.737s] Level 1:colcon.colcon_core.package_identification:_identify(/home/aaron/Desktop/TMR_ws/src/tmr_ros2/log) ignored
[0.737s] Level 1:colcon.colcon_core.package_identification:_identify(/home/aaron/Desktop/TMR_ws/src/tmr_ros2/techman_robot_get_status) by extensions ['ignore', 'ignore_ament_install']
[0.737s] Level 1:colcon.colcon_core.package_identification:_identify(/home/aaron/Desktop/TMR_ws/src/tmr_ros2/techman_robot_get_status) by extension 'ignore'
[0.737s] Level 1:colcon.colcon_core.package_identification:_identify(/home/aaron/Desktop/TMR_ws/src/tmr_ros2/techman_robot_get_status) by extension 'ignore_ament_install'
[0.737s] Level 1:colcon.colcon_core.package_identification:_identify(/home/aaron/Desktop/TMR_ws/src/tmr_ros2/techman_robot_get_status) by extensions ['colcon_pkg']
[0.737s] Level 1:colcon.colcon_core.package_identification:_identify(/home/aaron/Desktop/TMR_ws/src/tmr_ros2/techman_robot_get_status) by extension 'colcon_pkg'
[0.737s] Level 1:colcon.colcon_core.package_identification:_identify(/home/aaron/Desktop/TMR_ws/src/tmr_ros2/techman_robot_get_status) by extensions ['colcon_meta']
[0.737s] Level 1:colcon.colcon_core.package_identification:_identify(/home/aaron/Desktop/TMR_ws/src/tmr_ros2/techman_robot_get_status) by extension 'colcon_meta'
[0.737s] Level 1:colcon.colcon_core.package_identification:_identify(/home/aaron/Desktop/TMR_ws/src/tmr_ros2/techman_robot_get_status) by extensions ['ros']
[0.737s] Level 1:colcon.colcon_core.package_identification:_identify(/home/aaron/Desktop/TMR_ws/src/tmr_ros2/techman_robot_get_status) by extension 'ros'
[0.737s] DEBUG:colcon.colcon_core.package_identification:Package '/home/aaron/Desktop/TMR_ws/src/tmr_ros2/techman_robot_get_status' with type 'ros.ament_python' and name 'tm_get_status'
[0.738s] Level 1:colcon.colcon_core.package_identification:_identify(/home/aaron/Desktop/TMR_ws/src/tmr_ros2/techman_robot_msgs) by extensions ['ignore', 'ignore_ament_install']
[0.738s] Level 1:colcon.colcon_core.package_identification:_identify(/home/aaron/Desktop/TMR_ws/src/tmr_ros2/techman_robot_msgs) by extension 'ignore'
[0.738s] Level 1:colcon.colcon_core.package_identification:_identify(/home/aaron/Desktop/TMR_ws/src/tmr_ros2/techman_robot_msgs) by extension 'ignore_ament_install'
[0.738s] Level 1:colcon.colcon_core.package_identification:_identify(/home/aaron/Desktop/TMR_ws/src/tmr_ros2/techman_robot_msgs) by extensions ['colcon_pkg']
[0.738s] Level 1:colcon.colcon_core.package_identification:_identify(/home/aaron/Desktop/TMR_ws/src/tmr_ros2/techman_robot_msgs) by extension 'colcon_pkg'
[0.738s] Level 1:colcon.colcon_core.package_identification:_identify(/home/aaron/Desktop/TMR_ws/src/tmr_ros2/techman_robot_msgs) by extensions ['colcon_meta']
[0.738s] Level 1:colcon.colcon_core.package_identification:_identify(/home/aaron/Desktop/TMR_ws/src/tmr_ros2/techman_robot_msgs) by extension 'colcon_meta'
[0.738s] Level 1:colcon.colcon_core.package_identification:_identify(/home/aaron/Desktop/TMR_ws/src/tmr_ros2/techman_robot_msgs) by extensions ['ros']
[0.738s] Level 1:colcon.colcon_core.package_identification:_identify(/home/aaron/Desktop/TMR_ws/src/tmr_ros2/techman_robot_msgs) by extension 'ros'
[0.738s] DEBUG:colcon.colcon_core.package_identification:Package '/home/aaron/Desktop/TMR_ws/src/tmr_ros2/techman_robot_msgs' with type 'ros.ament_cmake' and name 'techman_robot_msgs'
[0.738s] Level 1:colcon.colcon_core.package_identification:_identify(/home/aaron/Desktop/TMR_ws/src/tmr_ros2/tm_description) by extensions ['ignore', 'ignore_ament_install']
[0.739s] Level 1:colcon.colcon_core.package_identification:_identify(/home/aaron/Desktop/TMR_ws/src/tmr_ros2/tm_description) by extension 'ignore'
[0.739s] Level 1:colcon.colcon_core.package_identification:_identify(/home/aaron/Desktop/TMR_ws/src/tmr_ros2/tm_description) by extension 'ignore_ament_install'
[0.739s] Level 1:colcon.colcon_core.package_identification:_identify(/home/aaron/Desktop/TMR_ws/src/tmr_ros2/tm_description) by extensions ['colcon_pkg']
[0.739s] Level 1:colcon.colcon_core.package_identification:_identify(/home/aaron/Desktop/TMR_ws/src/tmr_ros2/tm_description) by extension 'colcon_pkg'
[0.739s] Level 1:colcon.colcon_core.package_identification:_identify(/home/aaron/Desktop/TMR_ws/src/tmr_ros2/tm_description) by extensions ['colcon_meta']
[0.739s] Level 1:colcon.colcon_core.package_identification:_identify(/home/aaron/Desktop/TMR_ws/src/tmr_ros2/tm_description) by extension 'colcon_meta'
[0.739s] Level 1:colcon.colcon_core.package_identification:_identify(/home/aaron/Desktop/TMR_ws/src/tmr_ros2/tm_description) by extensions ['ros']
[0.739s] Level 1:colcon.colcon_core.package_identification:_identify(/home/aaron/Desktop/TMR_ws/src/tmr_ros2/tm_description) by extension 'ros'
[0.739s] DEBUG:colcon.colcon_core.package_identification:Package '/home/aaron/Desktop/TMR_ws/src/tmr_ros2/tm_description' with type 'ros.ament_cmake' and name 'tm_description'
[0.739s] Level 1:colcon.colcon_core.package_identification:_identify(/home/aaron/Desktop/TMR_ws/src/tmr_ros2/tm_driver) by extensions ['ignore', 'ignore_ament_install']
[0.739s] Level 1:colcon.colcon_core.package_identification:_identify(/home/aaron/Desktop/TMR_ws/src/tmr_ros2/tm_driver) by extension 'ignore'
[0.739s] Level 1:colcon.colcon_core.package_identification:_identify(/home/aaron/Desktop/TMR_ws/src/tmr_ros2/tm_driver) by extension 'ignore_ament_install'
[0.739s] Level 1:colcon.colcon_core.package_identification:_identify(/home/aaron/Desktop/TMR_ws/src/tmr_ros2/tm_driver) by extensions ['colcon_pkg']
[0.739s] Level 1:colcon.colcon_core.package_identification:_identify(/home/aaron/Desktop/TMR_ws/src/tmr_ros2/tm_driver) by extension 'colcon_pkg'
[0.739s] Level 1:colcon.colcon_core.package_identification:_identify(/home/aaron/Desktop/TMR_ws/src/tmr_ros2/tm_driver) by extensions ['colcon_meta']
[0.739s] Level 1:colcon.colcon_core.package_identification:_identify(/home/aaron/Desktop/TMR_ws/src/tmr_ros2/tm_driver) by extension 'colcon_meta'
[0.739s] Level 1:colcon.colcon_core.package_identification:_identify(/home/aaron/Desktop/TMR_ws/src/tmr_ros2/tm_driver) by extensions ['ros']
[0.739s] Level 1:colcon.colcon_core.package_identification:_identify(/home/aaron/Desktop/TMR_ws/src/tmr_ros2/tm_driver) by extension 'ros'
[0.740s] DEBUG:colcon.colcon_core.package_identification:Package '/home/aaron/Desktop/TMR_ws/src/tmr_ros2/tm_driver' with type 'ros.ament_cmake' and name 'tm_driver'
[0.740s] Level 1:colcon.colcon_core.package_identification:_identify(/home/aaron/Desktop/TMR_ws/src/tmr_ros2/tm_mod_urdf) by extensions ['ignore', 'ignore_ament_install']
[0.740s] Level 1:colcon.colcon_core.package_identification:_identify(/home/aaron/Desktop/TMR_ws/src/tmr_ros2/tm_mod_urdf) by extension 'ignore'
[0.740s] Level 1:colcon.colcon_core.package_identification:_identify(/home/aaron/Desktop/TMR_ws/src/tmr_ros2/tm_mod_urdf) by extension 'ignore_ament_install'
[0.740s] Level 1:colcon.colcon_core.package_identification:_identify(/home/aaron/Desktop/TMR_ws/src/tmr_ros2/tm_mod_urdf) by extensions ['colcon_pkg']
[0.740s] Level 1:colcon.colcon_core.package_identification:_identify(/home/aaron/Desktop/TMR_ws/src/tmr_ros2/tm_mod_urdf) by extension 'colcon_pkg'
[0.740s] Level 1:colcon.colcon_core.package_identification:_identify(/home/aaron/Desktop/TMR_ws/src/tmr_ros2/tm_mod_urdf) by extensions ['colcon_meta']
[0.740s] Level 1:colcon.colcon_core.package_identification:_identify(/home/aaron/Desktop/TMR_ws/src/tmr_ros2/tm_mod_urdf) by extension 'colcon_meta'
[0.740s] Level 1:colcon.colcon_core.package_identification:_identify(/home/aaron/Desktop/TMR_ws/src/tmr_ros2/tm_mod_urdf) by extensions ['ros']
[0.740s] Level 1:colcon.colcon_core.package_identification:_identify(/home/aaron/Desktop/TMR_ws/src/tmr_ros2/tm_mod_urdf) by extension 'ros'
[0.740s] DEBUG:colcon.colcon_core.package_identification:Package '/home/aaron/Desktop/TMR_ws/src/tmr_ros2/tm_mod_urdf' with type 'ros.ament_python' and name 'tm_mod_urdf'
[0.740s] Level 1:colcon.colcon_core.package_identification:_identify(/home/aaron/Desktop/TMR_ws/src/tmr_ros2/tm_msgs) by extensions ['ignore', 'ignore_ament_install']
[0.740s] Level 1:colcon.colcon_core.package_identification:_identify(/home/aaron/Desktop/TMR_ws/src/tmr_ros2/tm_msgs) by extension 'ignore'
[0.740s] Level 1:colcon.colcon_core.package_identification:_identify(/home/aaron/Desktop/TMR_ws/src/tmr_ros2/tm_msgs) by extension 'ignore_ament_install'
[0.740s] Level 1:colcon.colcon_core.package_identification:_identify(/home/aaron/Desktop/TMR_ws/src/tmr_ros2/tm_msgs) by extensions ['colcon_pkg']
[0.740s] Level 1:colcon.colcon_core.package_identification:_identify(/home/aaron/Desktop/TMR_ws/src/tmr_ros2/tm_msgs) by extension 'colcon_pkg'
[0.740s] Level 1:colcon.colcon_core.package_identification:_identify(/home/aaron/Desktop/TMR_ws/src/tmr_ros2/tm_msgs) by extensions ['colcon_meta']
[0.740s] Level 1:colcon.colcon_core.package_identification:_identify(/home/aaron/Desktop/TMR_ws/src/tmr_ros2/tm_msgs) by extension 'colcon_meta'
[0.740s] Level 1:colcon.colcon_core.package_identification:_identify(/home/aaron/Desktop/TMR_ws/src/tmr_ros2/tm_msgs) by extensions ['ros']
[0.741s] Level 1:colcon.colcon_core.package_identification:_identify(/home/aaron/Desktop/TMR_ws/src/tmr_ros2/tm_msgs) by extension 'ros'
[0.741s] DEBUG:colcon.colcon_core.package_identification:Package '/home/aaron/Desktop/TMR_ws/src/tmr_ros2/tm_msgs' with type 'ros.ament_cmake' and name 'tm_msgs'
[0.741s] Level 1:colcon.colcon_core.package_identification:_identify(/home/aaron/Desktop/TMR_ws/src/tmr_ros2/ui_for_debug_and_demo) by extensions ['ignore', 'ignore_ament_install']
[0.741s] Level 1:colcon.colcon_core.package_identification:_identify(/home/aaron/Desktop/TMR_ws/src/tmr_ros2/ui_for_debug_and_demo) by extension 'ignore'
[0.741s] Level 1:colcon.colcon_core.package_identification:_identify(/home/aaron/Desktop/TMR_ws/src/tmr_ros2/ui_for_debug_and_demo) by extension 'ignore_ament_install'
[0.741s] Level 1:colcon.colcon_core.package_identification:_identify(/home/aaron/Desktop/TMR_ws/src/tmr_ros2/ui_for_debug_and_demo) by extensions ['colcon_pkg']
[0.741s] Level 1:colcon.colcon_core.package_identification:_identify(/home/aaron/Desktop/TMR_ws/src/tmr_ros2/ui_for_debug_and_demo) by extension 'colcon_pkg'
[0.741s] Level 1:colcon.colcon_core.package_identification:_identify(/home/aaron/Desktop/TMR_ws/src/tmr_ros2/ui_for_debug_and_demo) by extensions ['colcon_meta']
[0.741s] Level 1:colcon.colcon_core.package_identification:_identify(/home/aaron/Desktop/TMR_ws/src/tmr_ros2/ui_for_debug_and_demo) by extension 'colcon_meta'
[0.741s] Level 1:colcon.colcon_core.package_identification:_identify(/home/aaron/Desktop/TMR_ws/src/tmr_ros2/ui_for_debug_and_demo) by extensions ['ros']
[0.741s] Level 1:colcon.colcon_core.package_identification:_identify(/home/aaron/Desktop/TMR_ws/src/tmr_ros2/ui_for_debug_and_demo) by extension 'ros'
[0.741s] DEBUG:colcon.colcon_core.package_identification:Package '/home/aaron/Desktop/TMR_ws/src/tmr_ros2/ui_for_debug_and_demo' with type 'ros.ament_cmake' and name 'ui_for_debug_and_demo'
[0.742s] Level 1:colcon.colcon_core.package_discovery:discover_packages(recursive) using defaults
